Microsoft (R) Help Compiler
HCRTF 4.03.0002
Copyright (c) Microsoft Corp 1990 - 1995. All rights reserved.
kjmonitor.hpj
    HC3037: Warning: F:\chtproject\trunk\DemoygjlServer\KJMonitor\hlp\KJMonitor.hm : 
	The map value for "HIDM_SA_START" is the same as the map value for "HIDM_REG35".
    HC3037: Warning: F:\chtproject\trunk\DemoygjlServer\KJMonitor\hlp\KJMonitor.hm : 
	The map value for "HIDM_SA_ABORT" is the same as the map value for "HIDM_REG36".
    HC3037: Warning: F:\chtproject\trunk\DemoygjlServer\KJMonitor\hlp\KJMonitor.hm : 
	The map value for "HIDM_SA_NUMBER" is the same as the map value for "HIDM_REG37".
    HC3037: Warning: F:\chtproject\trunk\DemoygjlServer\KJMonitor\hlp\KJMonitor.hm : 
	The map value for "HIDM_SA_SQ1" is the same as the map value for "HIDM_REG39".
    HC3037: Warning: F:\chtproject\trunk\DemoygjlServer\KJMonitor\hlp\KJMonitor.hm : 
	The map value for "HIDM_SA_SQ2" is the same as the map value for "HIDM_REG40".
    HC3037: Warning: F:\chtproject\trunk\DemoygjlServer\KJMonitor\hlp\KJMonitor.hm : 
	The map value for "HIDM_SA_SQ3" is the same as the map value for "HIDM_REG41".
    HC3037: Warning: F:\chtproject\trunk\DemoygjlServer\KJMonitor\hlp\KJMonitor.hm : 
	The map value for "HIDM_SA_SQ4" is the same as the map value for "HIDM_REG42".
    HC3037: Warning: F:\chtproject\trunk\DemoygjlServer\KJMonitor\hlp\KJMonitor.hm : 
	The map value for "HIDM_SA_SQ5" is the same as the map value for "HIDM_REG43".
    HC3037: Warning: F:\chtproject\trunk\DemoygjlServer\KJMonitor\hlp\KJMonitor.hm : 
	The map value for "HIDM_SA_SQ6" is the same as the map value for "HIDM_REG44".
    HC3037: Warning: F:\chtproject\trunk\DemoygjlServer\KJMonitor\hlp\KJMonitor.hm : 
	The map value for "HIDM_SA_SQ7" is the same as the map value for "HIDM_REG45".
    HC3037: Warning: F:\chtproject\trunk\DemoygjlServer\KJMonitor\hlp\KJMonitor.hm : 
	The map value for "HIDM_SA_SQ8" is the same as the map value for "HIDM_REG46".
    HC3037: Warning: F:\chtproject\trunk\DemoygjlServer\KJMonitor\hlp\KJMonitor.hm : 
	The map value for "HIDM_SA_SQ9" is the same as the map value for "HIDM_REG47".
    HC3037: Warning: F:\chtproject\trunk\DemoygjlServer\KJMonitor\hlp\KJMonitor.hm : 
	The map value for "HIDM_SA_SQ10" is the same as the map value for "HIDM_REG48".
    HC3037: Warning: F:\chtproject\trunk\DemoygjlServer\KJMonitor\hlp\KJMonitor.hm : 
	The map value for "HIDM_SA_SQ11" is the same as the map value for "HIDM_REG49".
    HC3037: Warning: F:\chtproject\trunk\DemoygjlServer\KJMonitor\hlp\KJMonitor.hm : 
	The map value for "HIDM_SA_SQ12" is the same as the map value for "HIDM_REG50".
    HC3037: Warning: F:\chtproject\trunk\DemoygjlServer\KJMonitor\hlp\KJMonitor.hm : 
	The map value for "HIDM_SA_SQ13" is the same as the map value for "HIDM_REG51".
    HC3037: Warning: F:\chtproject\trunk\DemoygjlServer\KJMonitor\hlp\KJMonitor.hm : 
	The map value for "HIDM_SA_SQ14" is the same as the map value for "HIDM_REG52".
    HC3037: Warning: F:\chtproject\trunk\DemoygjlServer\KJMonitor\hlp\KJMonitor.hm : 
	The map value for "HIDM_SA_SQ15" is the same as the map value for "HIDM_REG53".
    HC3037: Warning: F:\chtproject\trunk\DemoygjlServer\KJMonitor\hlp\KJMonitor.hm : 
	The map value for "HIDM_SA_SQ16" is the same as the map value for "HIDM_REG54".
    HC3037: Warning: F:\chtproject\trunk\DemoygjlServer\KJMonitor\hlp\KJMonitor.hm : 
	The map value for "HID_MEPOINT_LOADPARADATA" is the same as the map value for "HID_MEPOINT_INSTALLDATABASE".
    HC3037: Warning: F:\chtproject\trunk\DemoygjlServer\KJMonitor\hlp\KJMonitor.hm : 
	The map value for "HID_MENU_COMM_TRANSFERTABLE" is the same as the map value for "HID_COMM_TRANSFERTABLE".
    HC3037: Warning: F:\chtproject\trunk\DemoygjlServer\KJMonitor\hlp\KJMonitor.hm : 
	The map value for "HID_MENU_COMM_EDITPARAMENTS" is the same as the map value for "HID_COMM_EDITPARAMENTS".
    HC3037: Warning: F:\chtproject\trunk\DemoygjlServer\KJMonitor\hlp\KJMonitor.hm : 
	The map value for "HID_MENU_TABLE_CURRENTSTATUS" is the same as the map value for "HID_TABLE_CURRENTSTATUS".
    HC3037: Warning: F:\chtproject\trunk\DemoygjlServer\KJMonitor\hlp\KJMonitor.hm : 
	The map value for "HID_MENU_TABLE_CURRENTALARM" is the same as the map value for "HID_TABLE_CURRENTALARM".
    HC3037: Warning: F:\chtproject\trunk\DemoygjlServer\KJMonitor\hlp\KJMonitor.hm : 
	The map value for "HID_MENU_TABLE_CURRENTCOMMFAILURE" is the same as the map value for "HID_TABLE_CURRENTCOMMFAILURE".
    HC3037: Warning: F:\chtproject\trunk\DemoygjlServer\KJMonitor\hlp\KJMonitor.hm : 
	The map value for "HID_MENU_TABLE_MEPOINT_DESCRIPTION" is the same as the map value for "HID_TABLE_MEPOINT_DESCRIPTION".
    HC3037: Warning: F:\chtproject\trunk\DemoygjlServer\KJMonitor\hlp\KJMonitor.hm : 
	The map value for "HID_MENU_TABLE_MEPOINT_ANALOGPARAMENTS" is the same as the map value for "HID_TABLE_MEPOINT_ANALOGPARAMENTS".
    HC3037: Warning: F:\chtproject\trunk\DemoygjlServer\KJMonitor\hlp\KJMonitor.hm : 
	The map value for "HID_MENU_TABLE_SEQUTRIGGER" is the same as the map value for "HID_TABLE_SEQUTRIGGER".
    HC3037: Warning: F:\chtproject\trunk\DemoygjlServer\KJMonitor\hlp\KJMonitor.hm : 
	The map value for "HID_MENU_TABLE_SEQUCONTENT" is the same as the map value for "HID_TABLE_SEQUCONTENT".
    HC3037: Warning: F:\chtproject\trunk\DemoygjlServer\KJMonitor\hlp\KJMonitor.hm : 
	The map value for "HID_MENU_TABLE_TIMETRIGGER" is the same as the map value for "HID_TABLE_TIMETRIGGER".
    HC3037: Warning: F:\chtproject\trunk\DemoygjlServer\KJMonitor\hlp\KJMonitor.hm : 
	The map value for "HID_MENU_TABLE_ALARMREASON" is the same as the map value for "HID_TABLE_ALARMREASON".
    HC3037: Warning: F:\chtproject\trunk\DemoygjlServer\KJMonitor\hlp\KJMonitor.hm : 
	The map value for "HID_MENU_TABLE_ALARMPOINT" is the same as the map value for "HID_TABLE_ALARMREASON".
    HC3037: Warning: F:\chtproject\trunk\DemoygjlServer\KJMonitor\hlp\KJMonitor.hm : 
	The map value for "HID_MENU_TABLE_ANALOG" is the same as the map value for "HID_TABLE_ANALOG".
    HC3037: Warning: F:\chtproject\trunk\DemoygjlServer\KJMonitor\hlp\KJMonitor.hm : 
	The map value for "HID_MENU_SQUENCE_START" is the same as the map value for "HID_MENU_SQUENCESTUMONITOR".
    HC3037: Warning: F:\chtproject\trunk\DemoygjlServer\KJMonitor\hlp\KJMonitor.hm : 
	The map value for "HID_MENU_SQUENCE_END" is the same as the map value for "HID_MENU_SQUENCE_CTRLEDIT".
    HC3037: Warning: F:\chtproject\trunk\DemoygjlServer\KJMonitor\hlp\KJMonitor.hm : 
	The map value for "HID_MENU_SQUENCE_EDIT" is the same as the map value for "HID_MENU_SQUENCE_TIGGETTIMEEDIT".
    HC3037: Warning: F:\chtproject\trunk\DemoygjlServer\KJMonitor\hlp\KJMonitor.hm : 
	The map value for "HIDW_WARNING1" is the same as the map value for "HIDW_OUTPUTBAR".
    HC3037: Warning: F:\chtproject\trunk\DemoygjlServer\KJMonitor\hlp\KJMonitor.hm : 
	The map value for "HIDW_WARNING2" is the same as the map value for "HIDW_WARNINGBAR1".
    HC1012: Note: topic #2 of F:\chtproject\trunk\DemoygjlServer\KJMonitor\hlp\.\afxcore.rtf : 
	Table cell borders are not supported.
    HC1012: Note: topic #3 of F:\chtproject\trunk\DemoygjlServer\KJMonitor\hlp\.\afxcore.rtf : 
	Table cell borders are not supported.
    HC1012: Note: topic #4 of F:\chtproject\trunk\DemoygjlServer\KJMonitor\hlp\.\afxcore.rtf : 
	Table cell borders are not supported.
    HC1012: Note: topic #5 of F:\chtproject\trunk\DemoygjlServer\KJMonitor\hlp\.\afxcore.rtf : 
	Table cell borders are not supported.
    HC1012: Note: topic #6 of F:\chtproject\trunk\DemoygjlServer\KJMonitor\hlp\.\afxcore.rtf : 
	Table cell borders are not supported.
    HC1010: Note: 
	The following mapped Topic IDs were not used in any topic:
	HID_TABLE_TIMETRIGGER
	AFX_HIDP_UNREG_DONE
	HIDD_DLG_CTRLCMD
	HIDD_DLG_WARNINGWIN
	HIDD_DLG_VIEWDELETEADDR
	AFX_HIDP_GET_NOT_SUPPORTED
	HID_HT_OBJECT
	AFX_HIDP_SQL_BOOKMARKS_NOT_ENABLED
	HID_COMM_TRIGGERTIME
	HIDD_DLG_ANOLOGOUTPUT
	HID_EDIT_SELECT_ALL
	HID_MEPOINT_CTRL_GASINSPECT
	AFX_HIDP_SQL_NO_DATA_FOUND
	AFX_HIDP_SQL_EMPTY_COLUMN_LIST
	AFX_HIDP_SQL_ODBC_LOAD_FAILED
	HID_TABLE_CURRENTSTATUS
	AFX_HIDP_FAILED_TO_CREATE
	HIDD_VIEWRECORD
	AFX_HIDD_BUSY
	AFX_HIDP_ARCH_NONE
	HID_SYS_EXITSYSTEM
	AFX_HIDD_OBJECTPROPERTIES
	HIDD_DLG_USERPASSWD
	HID_EDITPARA2
	HID_MEPOINT_CTRL_SWITCHOUTPUT
	HID_SYS_PRINT_PICTURECTRL
	HID_SYNC_SYNC
	AFX_HIDP_UNREG_FAILURE
	AFX_HIDP_SQL_BOOKMARKS_NOT_SUPPORTED
	AFX_HIDP_FILE_TOO_MANY_OPEN
	AFX_HIDP_SQL_FIELD_NOT_FOUND
	AFX_HIDP_FILE_ACCESS_DENIED
	HIDD_DIALOG1
	HIDD_DIALOG2
	HIDD_DIALOG3
	HIDD_DLG_POINTEDIT_ANOLOG_IN
	HIDM_REG33
	HIDM_REG34
	HIDM_REG35
	HIDM_REG36
	HIDM_REG37
	HIDM_REG38
	HIDM_REG39
	HIDM_REG41
	HIDM_REG42
	HIDM_REG43
	HIDM_REG44
	HIDM_REG45
	HIDM_REG46
	HIDM_REG47
	HIDM_REG48
	HIDM_REG49
	HIDM_REG40
	HIDM_REG51
	HIDM_REG52
	HIDM_REG53
	HIDM_REG54
	HIDM_REG55
	HIDM_REG56
	HIDM_REG57
	HIDM_REG58
	HIDM_REG59
	HIDM_REG50
	HIDM_REG61
	HIDM_REG62
	HIDM_REG63
	HIDM_REG64
	HIDM_REG65
	HIDM_REG66
	HIDM_REG67
	HIDM_REG68
	HIDM_REG69
	HIDM_REG60
	HIDM_REG71
	HIDM_REG72
	HIDM_REG73
	HIDM_REG74
	HIDM_REG75
	HIDM_REG76
	HIDM_REG77
	HIDM_REG78
	HIDM_REG79
	HIDM_REG70
	HIDM_REG80
	HIDD_DLG_EDIT12MODE
	AFX_HIDP_ASK_TO_DISCARD
	AFX_HIDP_SQL_FIELD_SCHEMA_MISMATCH
	AFX_HIDP_SQL_LOCK_MODE_NOT_SUPPORTED
	HIDD_DLG_FMCOMMSTATUS
	HID_FORMAT_FONT
	AFX_HIDP_FILE_HARD_IO
	HIDD_DLG_FMMONITORPOINT
	AFX_HIDD_CHANGESOURCE
	HID_SYS_TRUNKVSPORT
	HID_MENU_SQUENCE_TRIG_POINTEDIT
	HID_INDICATOR_LOGO
	HIDD_DLG_SCANVIEWPOINTONADDR
	HIDD_DLG_WARNCAUSEEDIT
	AFX_HIDP_FILE_NOT_FOUND
	AFX_HIDW_DOCKBAR_TOP
	HID_MENU_SQUENCE_COMMONREG
	AFX_HIDP_DAO_DFX_BIND
	HID_MENU_SYS_STOPSCAN
	HIDD_DLG_COMMSTATUSPOINT
	HID_MENU_BITCMD
	HIDD_SHIXU_DIALOG
	HIDD_DLG_ICO
	HID_TABLE_CURRENTCOMMFAILURE
	HIDD_DLG_BITCMDCTRL
	AFX_HIDP_SQL_ODBC_V2_REQUIRED
	HIDD_DIALOGFEG
	HID_TABLE_CURRENTALARM
	AFX_HIDP_SQL_NO_ROWS_AFFECTED
	HID_OLE_EDIT_CONVERT
	AFX_HIDP_SQL_SQL_CONFORMANCE
	HIDD_DLG_TRUNKADD
	HID_SYNC
	HID_xiug
	AFX_HIDP_SQL_RECORDSET_READONLY
	HID_MEPOINT_CTRL_ANALOGOUTPUT
	HIDW_OUTPUTBAR
	HID_MEPOINT_SAVEDATABASE
	AFX_HIDP_PARSE_RADIO_BUTTON
	HIDD_DIALOG_SYNC
	HIDD_DIALOGDTIME
	HID_EDIT_PASTE_SPECIAL
	HID_TABLE_ALARMREASON
	AFX_HIDP_DAO_ROWTOOSHORT
	HIDD_DLG_POINTEDIT_SWITCH_IN1
	AFX_HIDP_SQL_INCORRECT_ODBC
	AFX_HIDP_NO_ERROR_AVAILABLE
	AFX_HIDW_DOCKBAR_BOTTOM
	AFX_HIDP_FILE_DIR_FULL
	HIDP_SOCKETS_INIT_FAILED
	AFX_HIDP_DAO_BADBINDINFO
	AFX_HIDP_SQL_UPDATE_DELETE_FAILED
	AFX_HIDP_PARSE_DATETIME
	HIDD_EDITPOINTWATCH
	HID_OLE_EDIT_CHANGE_ICON
	AFX_HIDP_ARCH_ENDOFFILE
	AFX_HIDP_SQL_SQL_NO_TOTAL
	HID_SYS_PRINT_POINTDBNAME
	AFX_HIDP_SQL_CONNECT_FAIL
	HID_SYS_INIDBCONNECT
	AFX_HIDP_SQL_API_CONFORMANCE
	HID_COMM_SEQUINSPECT
	HID_OLE_EDIT_PROPERTIES
	AFX_HIDP_FILE_DISKFULL
	HIDD_DLG_INPUT
	HIDW_WORKSPBAR
	HIDD_DLG_LOGIN
	HIDD_DLG_PORTVSTRUNKCOMFIRM
	AFX_HIDW_DOCKBAR_LEFT
	AFX_HIDP_FILE_REMOVE_CURRENT
	AFX_HIDP_ARCH_BADCLASS
	AFX_HIDP_SQL_NO_POSITIONED_UPDATES
	AFX_HIDP_ARCH_BADINDEX
	HID_MENU_SQUENCE_TIGGETTIMEEDIT
	HID_MENU_SQUENCESTUMONITOR
	HID_WIZBACK
	HID_WIZNEXT
	HID_MENU_SQUENCE_CTRLEDIT
	HID_MEPOINT_FIELDCONTROL
	AFX_HIDP_PARSE_CURRENCY
	AFX_HIDP_FILE_NONE
	HID_MEPOINT_ANALOGINPUT
	HID_MEPOINT_ANALOGOUPUT
	HID_SYS_PRINT_SQCTRL
	AFX_HIDP_FAILED_TO_CONVERT
	HID_HELP_FINDER
	HIDR_POPUP
	AFX_HIDP_FILE_EOF
	AFX_HIDP_FILE_LOCKING
	AFX_HIDP_SQL_ILLEGAL_MODE
	AFX_HIDD_PREVIEW_TOOLBAR
	AFX_HIDP_SQL_NO_CURRENT_RECORD
	HIDD_ADDUSER
	AFX_HIDP_FILE_BAD_PATH
	AFX_HIDP_FILE_BAD_SEEK
	HID_MENU_SYS_STARTSCAN
	HIDR_KJMOTYPE
	AFX_HIDP_SQL_ROW_UPDATE_NOT_SUPPORTED
	HID_COMM_EDITPARAMENTS
	HIDR_GIF_SOUNDPLAY
	HIDR_TOOLBAR1
	AFX_HIDP_FAILED_MAPI_LOAD
	AFX_HIDP_FAILED_MAPI_SEND
	AFX_HIDP_FILE_SHARING
	HID_zidong
	HID_MENU_SQUENCE_TIME
	HIDW_WARNINGBAR1
	HID_FILE_PRINT_DIRECT
	HIDD_MODIFYPWD
	HID_MEPOINT_CTRL_GROUP
	AFX_HIDP_DLL_LOAD_FAILED
	HID_COMM_TRANSFERTABLE
	AFX_HIDP_SQL_DYNASET_NOT_SUPPORTED
	AFX_HIDP_SQL_ROW_FETCH
	HIDD_DIALOG_BACKUP
	HID_MEPOINT_SWITCHOUTPUT
	HID_MENU_SQUENCE_MONITOR
	AFX_HIDP_SET_NOT_SUPPORTED
	AFX_HIDP_DLL_BAD_VERSION
	HID_TABLE_SEQUCONTENT
	AFX_HIDP_ARCH_BADSCHEMA
	HID_MEPOINT_INSTALLDATABASE
	AFX_HIDD_FILEBROWSE
	HID_TABLE_ANALOG
	HID_SYS_ADJUST_TIMEDATE
	HIDD_DLG_COMMPARA
	HID_MEPOINT_ALARMREASON
	HID_BUTTON32828
	HID_BUTTON32833
	HID_BUTTON32834
	HID_BUTTON32835
	HID_BUTTON32836
	HID_BUTTON32837
	HID_BUTTON32838
	HID_BUTTON32830
	HID_BUTTON32841
	HID_BUTTON32843
	HID_BUTTON32844
	HID_SYS_USERPASSWORD
	AFX_HIDP_SQL_DATA_TRUNCATED
	HID_TABLE_MEPOINT_ANALOGPARAMENTS
	HIDD_DLG_COMFIRM
	HID_HT_HELP
	HIDR_MAINTOOL
	HID_WIZFINISH
	AFX_HIDP_INVALID_MAPI_DLL
	AFX_HIDD_PREVIEW_SHORTTOOLBAR
	AFX_HIDP_DAO_OBJECT_NOT_OPEN
	AFX_HIDP_ARCH_WRITEONLY
	HID_COMM_EDITSEQUCTRL
	AFX_HIDP_SQL_MULTIPLE_ROWS_AFFECTED
	AFX_HIDP_DAO_ENGINE_INITIALIZATION
	AFX_HIDW_DOCKBAR_FLOAT
	HIDD_DLG_SETSERIALCOMMTRUNK
	AFX_HIDW_DOCKBAR_RIGHT
	HID_TABLE_SEQUTRIGGER
	AFX_HIDP_PARSE_BYTE
	AFX_HIDP_PARSE_UINT
	HID_TABLE_MEPOINT_DESCRIPTION
	AFX_HIDP_ARCH_GENERIC
	AFX_HIDP_SQL_SNAPSHOT_NOT_SUPPORTED
	HID_INDICATOR_FXTEXT
	AFX_HIDP_FILE_GENERIC
	AFX_HIDP_FILE_INVALID_FILE
	HID_HT_CLOSE
	AFX_HIDP_ARCH_READONLY
	AFX_HIDP_SQL_RECORDSET_FORWARD_ONLY
	AFX_HIDP_SQL_DYNAMIC_CURSOR_NOT_SUPPORTED
	HIDD_DLG_POINTEDIT_SWITCH_IN
	HID_MEPOINT_SWITCHINPUT
	HIDD_DLG_EDITCONNECTORTYPE
	AFX_HIDP_DAO_COLUMNUNAVAILABLE
89	Topics
54	Jumps
18	Keywords
21	Bitmaps


Created F:\chtproject\trunk\DemoygjlServer\KJMonitor\hlp\KJMonitor.HLP, 46,230 bytes
Bitmaps: 8,428 bytes
Hall+Zeck compression decreased help file by 12,916 bytes.
Compile time: 0 minutes, 0 seconds
6 notes, 38 warnings
